[2024-04-27 15:39:59] phpactor.WARNING: Could not find autoloader "/home/migbert/proyectos/php/LaravelDocker/vendor/autoload.php" {"channel":"COMPOSER"} []
[2024-04-27 15:40:11] phpactor.WARNING: Could not find autoloader "/home/migbert/proyectos/php/LaravelDocker/vendor/autoload.php" {"channel":"COMPOSER"} []
[2024-04-27 15:40:15] phpactor.WARNING: The process was killed {"channel":"LSP"} []
[2024-04-27 15:40:15] phpactor.WARNING: Killed process "147257" ('/usr/bin/php8.2' '/home/migbert/.local/share/nvim/mason/bin/phpactor' 'language-server:diagnostics' '--uri=file:///home/migbert/proyectos/php/LaravelDocker/laravel/config/app.php' '--config-extra={"worse_reflection.enable_context_location": false}') because it lived longer than 5s {"channel":"LSP"} []
[2024-04-27 15:40:34] phpactor.WARNING: Could not find autoloader "/home/migbert/proyectos/php/LaravelDocker/vendor/autoload.php" {"channel":"COMPOSER"} []
[2024-04-27 15:40:38] phpactor.WARNING: The process was killed {"channel":"LSP"} []
[2024-04-27 15:40:38] phpactor.WARNING: Killed process "147623" ('/usr/bin/php8.2' '/home/migbert/.local/share/nvim/mason/bin/phpactor' 'language-server:diagnostics' '--uri=file:///home/migbert/proyectos/php/LaravelDocker/laravel/config/database.php' '--config-extra={"worse_reflection.enable_context_location": false}') because it lived longer than 5s {"channel":"LSP"} []
[2024-04-27 15:57:00] phpactor.CRITICAL: Waited "2500" milliseconds after shutdown request for exit notification but did not get one so I'm self destructing. {"channel":"LSP"} []
[2024-08-04 01:06:22] phpactor.WARNING: Could not find autoloader "/home/migbert/proyectos/php/app_laravel/vendor/autoload.php" {"channel":"COMPOSER"} []
[2024-08-04 01:06:36] phpactor.WARNING: Could not find autoloader "/home/migbert/proyectos/php/app_laravel/vendor/autoload.php" {"channel":"COMPOSER"} []
[2024-08-04 01:07:04] phpactor.WARNING: Could not find autoloader "/home/migbert/proyectos/php/app_laravel/vendor/autoload.php" {"channel":"COMPOSER"} []
[2024-08-04 01:07:05] phpactor.WARNING: The process was killed {"channel":"LSP"} []
[2024-08-04 01:07:05] phpactor.WARNING: Killed process "812133" ('/usr/bin/php8.2' '/home/migbert/.local/share/nvim/mason/packages/phpactor/phpactor.phar' 'language-server:diagnostics' '--uri=file:///home/migbert/proyectos/php/app_laravel/laravel/resources/views/welcome.blade.php' '--config-extra={"worse_reflection.enable_context_location": false}') because it lived longer than 5s {"channel":"LSP"} []
[2024-08-04 01:07:12] phpactor.WARNING: Could not find autoloader "/home/migbert/proyectos/php/app_laravel/vendor/autoload.php" {"channel":"COMPOSER"} []
[2024-08-04 01:10:15] phpactor.ERROR: Error when handling "Phpactor\LanguageServer\Core\Rpc\RequestMessage" ({"jsonrpc":"2.0","id":12,"method":"textDocument\/documentSymbol","params":{"textDocument":{"uri":"file:\/\/\/home\/migbert\/proyectos\/php\/app_laravel\/neo-tree%20filesystem%20%5b1%5d"}}}): Exception [Phpactor\LanguageServer\Core\Workspace\Exception\UnknownDocument] Unknown text document "file:///home/migbert/proyectos/php/app_laravel/neo-tree filesystem [1]" {"channel":"LSP"} []
[2024-08-04 01:10:18] phpactor.WARNING: Could not find autoloader "/home/migbert/proyectos/php/app_laravel/vendor/autoload.php" {"channel":"COMPOSER"} []
[2024-08-04 01:11:07] phpactor.WARNING: Could not find autoloader "/home/migbert/proyectos/php/app_laravel/vendor/autoload.php" {"channel":"COMPOSER"} []
[2024-08-04 01:11:16] phpactor.WARNING: Could not find autoloader "/home/migbert/proyectos/php/app_laravel/vendor/autoload.php" {"channel":"COMPOSER"} []
[2024-08-04 01:11:42] phpactor.WARNING: Could not find autoloader "/home/migbert/proyectos/php/app_laravel/vendor/autoload.php" {"channel":"COMPOSER"} []
[2024-08-04 01:17:11] phpactor.ERROR: Diagnostic provider "php" errored with "The process was killed", removing from pool {"channel":"LSPDIAG","stack":"#0 [internal function]: Phpactor\\LanguageServer\\Core\\Diagnostics\\DiagnosticsEngine->Phpactor\\LanguageServer\\Core\\Diagnostics\\{closure}()\n#1 phar:///home/migbert/.local/share/nvim/mason/packages/phpactor/phpactor.phar/vendor/amphp/amp/lib/Coroutine.php(115): Generator->throw()\n#2 phar:///home/migbert/.local/share/nvim/mason/packages/phpactor/phpactor.phar/vendor/amphp/amp/lib/Failure.php(33): Amp\\Coroutine->Amp\\{closure}()\n#3 phar:///home/migbert/.local/share/nvim/mason/packages/phpactor/phpactor.phar/vendor/amphp/amp/lib/Internal/Placeholder.php(143): Amp\\Failure->onResolve()\n#4 phar:///home/migbert/.local/share/nvim/mason/packages/phpactor/phpactor.phar/vendor/amphp/amp/lib/Internal/Placeholder.php(177): Amp\\Coroutine->resolve()\n#5 phar:///home/migbert/.local/share/nvim/mason/packages/phpactor/phpactor.phar/vendor/amphp/amp/lib/Coroutine.php(137): Amp\\Coroutine->fail()\n#6 phar:///home/migbert/.local/share/nvim/mason/packages/phpactor/phpactor.phar/vendor/amphp/amp/lib/Failure.php(33): Amp\\Coroutine->Amp\\{closure}()\n#7 phar:///home/migbert/.local/share/nvim/mason/packages/phpactor/phpactor.phar/vendor/amphp/amp/lib/Internal/Placeholder.php(143): Amp\\Failure->onResolve()\n#8 phar:///home/migbert/.local/share/nvim/mason/packages/phpactor/phpactor.phar/vendor/amphp/amp/lib/Internal/Placeholder.php(177): Amp\\Promise@anonymous->resolve()\n#9 phar:///home/migbert/.local/share/nvim/mason/packages/phpactor/phpactor.phar/vendor/amphp/amp/lib/Deferred.php(66): Amp\\Promise@anonymous->fail()\n#10 phar:///home/migbert/.local/share/nvim/mason/packages/phpactor/phpactor.phar/vendor/amphp/process/lib/Internal/Posix/Runner.php(202): Amp\\Deferred->fail()\n#11 phar:///home/migbert/.local/share/nvim/mason/packages/phpactor/phpactor.phar/vendor/amphp/process/lib/Internal/Posix/Runner.php(233): Amp\\Process\\Internal\\Posix\\Runner->kill()\n#12 phar:///home/migbert/.local/share/nvim/mason/packages/phpactor/phpactor.phar/vendor/amphp/process/lib/Process.php(85): Amp\\Process\\Internal\\Posix\\Runner->destroy()\n#13 [internal function]: Amp\\Process\\Process->__destruct()\n#14 {main}"} []
[2024-08-04 01:18:02] phpactor.WARNING: Could not find autoloader "/home/migbert/proyectos/php/app_laravel/vendor/autoload.php" {"channel":"COMPOSER"} []
[2024-08-04 01:18:14] phpactor.WARNING: Could not find autoloader "/home/migbert/proyectos/php/app_laravel/vendor/autoload.php" {"channel":"COMPOSER"} []
[2024-08-04 01:21:08] phpactor.WARNING: Could not find autoloader "/home/migbert/proyectos/php/app_laravel/vendor/autoload.php" {"channel":"COMPOSER"} []
[2024-08-04 01:21:11] phpactor.WARNING: Could not find autoloader "/home/migbert/proyectos/php/app_laravel/vendor/autoload.php" {"channel":"COMPOSER"} []
[2024-08-04 01:21:14] phpactor.WARNING: The process was killed {"channel":"LSP"} []
[2024-08-04 01:21:14] phpactor.WARNING: Killed process "824414" ('/usr/bin/php8.2' '/home/migbert/.local/share/nvim/mason/packages/phpactor/phpactor.phar' 'language-server:diagnostics' '--uri=file:///home/migbert/proyectos/php/app_laravel/laravel/routes/web.php' '--config-extra={"worse_reflection.enable_context_location": false}') because it lived longer than 5s {"channel":"LSP"} []
[2024-08-04 01:21:29] phpactor.WARNING: Could not find autoloader "/home/migbert/proyectos/php/app_laravel/vendor/autoload.php" {"channel":"COMPOSER"} []
[2024-08-04 01:21:33] phpactor.WARNING: The process was killed {"channel":"LSP"} []
[2024-08-04 01:21:33] phpactor.WARNING: Killed process "824693" ('/usr/bin/php8.2' '/home/migbert/.local/share/nvim/mason/packages/phpactor/phpactor.phar' 'language-server:diagnostics' '--uri=file:///home/migbert/proyectos/php/app_laravel/laravel/app/Http/Controllers/Controller.php' '--config-extra={"worse_reflection.enable_context_location": false}') because it lived longer than 5s {"channel":"LSP"} []
[2024-08-04 01:23:02] phpactor.WARNING: Could not find autoloader "/home/migbert/proyectos/php/app_laravel/vendor/autoload.php" {"channel":"COMPOSER"} []
[2024-08-04 01:23:05] phpactor.WARNING: The process was killed {"channel":"LSP"} []
[2024-08-04 01:23:05] phpactor.WARNING: Killed process "825799" ('/usr/bin/php8.2' '/home/migbert/.local/share/nvim/mason/packages/phpactor/phpactor.phar' 'language-server:diagnostics' '--uri=file:///home/migbert/proyectos/php/app_laravel/laravel/routes/web.php' '--config-extra={"worse_reflection.enable_context_location": false}') because it lived longer than 5s {"channel":"LSP"} []
[2024-08-04 01:23:17] phpactor.WARNING: Could not find autoloader "/home/migbert/proyectos/php/app_laravel/vendor/autoload.php" {"channel":"COMPOSER"} []
[2024-08-04 01:23:20] phpactor.WARNING: The process was killed {"channel":"LSP"} []
[2024-08-04 01:23:20] phpactor.WARNING: Killed process "826050" ('/usr/bin/php8.2' '/home/migbert/.local/share/nvim/mason/packages/phpactor/phpactor.phar' 'language-server:diagnostics' '--uri=file:///home/migbert/proyectos/php/app_laravel/laravel/routes/web.php' '--config-extra={"worse_reflection.enable_context_location": false}') because it lived longer than 5s {"channel":"LSP"} []
[2024-08-04 01:23:21] phpactor.WARNING: Could not find autoloader "/home/migbert/proyectos/php/app_laravel/vendor/autoload.php" {"channel":"COMPOSER"} []
[2024-08-04 01:23:25] phpactor.WARNING: The process was killed {"channel":"LSP"} []
[2024-08-04 01:23:25] phpactor.WARNING: Killed process "826142" ('/usr/bin/php8.2' '/home/migbert/.local/share/nvim/mason/packages/phpactor/phpactor.phar' 'language-server:diagnostics' '--uri=file:///home/migbert/proyectos/php/app_laravel/laravel/routes/web.php' '--config-extra={"worse_reflection.enable_context_location": false}') because it lived longer than 5s {"channel":"LSP"} []
[2024-08-04 01:27:30] phpactor.WARNING: Could not find autoloader "/home/migbert/proyectos/php/app_laravel/vendor/autoload.php" {"channel":"COMPOSER"} []
[2024-08-04 01:27:33] phpactor.WARNING: The process was killed {"channel":"LSP"} []
[2024-08-04 01:27:33] phpactor.WARNING: Killed process "829516" ('/usr/bin/php8.2' '/home/migbert/.local/share/nvim/mason/packages/phpactor/phpactor.phar' 'language-server:diagnostics' '--uri=file:///home/migbert/proyectos/php/app_laravel/laravel/routes/web.php' '--config-extra={"worse_reflection.enable_context_location": false}') because it lived longer than 5s {"channel":"LSP"} []
[2024-08-04 01:27:34] phpactor.WARNING: Could not find autoloader "/home/migbert/proyectos/php/app_laravel/vendor/autoload.php" {"channel":"COMPOSER"} []
[2024-08-04 01:27:38] phpactor.WARNING: The process was killed {"channel":"LSP"} []
[2024-08-04 01:27:38] phpactor.WARNING: Killed process "829596" ('/usr/bin/php8.2' '/home/migbert/.local/share/nvim/mason/packages/phpactor/phpactor.phar' 'language-server:diagnostics' '--uri=file:///home/migbert/proyectos/php/app_laravel/laravel/routes/web.php' '--config-extra={"worse_reflection.enable_context_location": false}') because it lived longer than 5s {"channel":"LSP"} []
[2024-08-04 01:33:27] phpactor.CRITICAL: Waited "2500" milliseconds after shutdown request for exit notification but did not get one so I'm self destructing. {"channel":"LSP"} []
